#
# There is insufficient memory for the Java Runtime Environment to continue.
# Native memory allocation (malloc) failed to allocate 1048576 bytes for AllocateHeap
# Possible reasons:
#   The system is out of physical RAM or swap space
#   The process is running with CompressedOops enabled, and the Java Heap may be blocking the growth of the native heap
# Possible solutions:
#   Reduce memory load on the system
#   Increase physical memory or swap space
#   Check if swap backing store is full
#   Decrease Java heap size (-Xmx/-Xms)
#   Decrease number of Java threads
#   Decrease Java thread stack sizes (-Xss)
#   Set larger code cache with -XX:ReservedCodeCacheSize=
#   JVM is running with Unscaled Compressed Oops mode in which the Java heap is
#     placed in the first 4GB address space. The Java Heap base address is the
#     maximum limit for the native heap growth. Please use -XX:HeapBaseMinAddress
#     to set the Java Heap base and to place the Java Heap above 4GB virtual address.
# This output file may be truncated or incomplete.
#
#  Out of Memory Error (./open/src/hotspot/share/memory/allocation.cpp:46), pid=18276, tid=12988
#
# JRE version: Java(TM) SE Runtime Environment 18.9 (11.0.11+9) (build 11.0.11+9-LTS-194)
# Java VM: Java HotSpot(TM) 64-Bit Server VM 18.9 (11.0.11+9-LTS-194, mixed mode, tiered, compressed oops, g1 gc, windows-amd64)
# No core dump will be written. Minidumps are not enabled by default on client versions of Windows
#

---------------  S U M M A R Y ------------

Command Line: -XX:TieredStopAtLevel=1 -Xverify:none -Dspring.output.ansi.enabled=always -javaagent:C:\Program Files\JetBrains\IntelliJ IDEA 2020.3.2\lib\idea_rt.jar=8763:C:\Program Files\JetBrains\IntelliJ IDEA 2020.3.2\bin -Dcom.sun.management.jmxremote -Dspring.jmx.enabled=true -Dspring.liveBeansView.mbeanDomain -Dspring.application.admin.enabled=true -Dfile.encoding=UTF-8 hello.itemservice.ItemServiceApplication

Host: Intel(R) Core(TM) i5-7200U CPU @ 2.50GHz, 4 cores, 7G,  Windows 10 , 64 bit Build 19041 (10.0.19041.928)
Time: Sat Jun 12 15:08:59 2021 대한민국 표준시 elapsed time: 2.210666 seconds (0d 0h 0m 2s)

---------------  T H R E A D  ---------------

Current thread (0x0000016e54e2f800):  VMThread "VM Thread" [stack: 0x00000011df000000,0x00000011df100000] [id=12988]

Stack: [0x00000011df000000,0x00000011df100000]
[error occurred during error reporting (printing stack bounds), id 0xc0000005, EXCEPTION_ACCESS_VIOLATION (0xc0000005) at pc=0x0000016e3e6b0f2d]

Native frames: (J=compiled Java code, j=interpreted, Vv=VM code, C=native code)
V  [jvm.dll+0x616f2a]
V  [jvm.dll+0x74de7f]
V  [jvm.dll+0x74f505]
V  [jvm.dll+0x74fae5]
V  [jvm.dll+0x74fa9b]
V  [jvm.dll+0x616763]
V  [jvm.dll+0x616b28]
C  [ntdll.dll+0xa217f]
C  [ntdll.dll+0x51454]
C  [ntdll.dll+0xa0cae]
C  0x0000016e3e6b0f2d

VM_Operation (0x00000011deafc6b0): CollectForMetadataAllocation, mode: safepoint, requested by thread 0x0000016e34a41000


---------------  P R O C E S S  ---------------

Threads class SMR info:
_java_thread_list=0x0000016e55c95fe0, length=11, elements={
0x0000016e34a41000, 0x0000016e54e56800, 0x0000016e54e57800, 0x0000016e55773000,
0x0000016e54e84800, 0x0000016e54e85800, 0x0000016e54e8e800, 0x0000016e54de9000,
0x0000016e55ab3800, 0x0000016e55ab4800, 0x0000016e55cd9000
}

Java Threads: ( => current thread )
  0x0000016e34a41000 JavaThread "main" [_thread_blocked, id=17396, stack(0x00000011dea00000,0x00000011deb00000)]
  0x0000016e54e56800 JavaThread "Reference Handler" daemon [_thread_blocked, id=9420, stack(0x00000011df100000,0x00000011df200000)]
  0x0000016e54e57800 JavaThread "Finalizer" daemon [_thread_blocked, id=5540, stack(0x00000011df200000,0x00000011df300000)]
  0x0000016e55773000 JavaThread "Signal Dispatcher" daemon [_thread_blocked, id=7208, stack(0x00000011df300000,0x00000011df400000)]
  0x0000016e54e84800 JavaThread "Attach Listener" daemon [_thread_blocked, id=17020, stack(0x00000011df400000,0x00000011df500000)]
  0x0000016e54e85800 JavaThread "C1 CompilerThread0" daemon [_thread_blocked, id=5800, stack(0x00000011df500000,0x00000011df600000)]
  0x0000016e54e8e800 JavaThread "Sweeper thread" daemon [_thread_blocked, id=14588, stack(0x00000011df600000,0x00000011df700000)]
  0x0000016e54de9000 JavaThread "Common-Cleaner" daemon [_thread_blocked, id=5212, stack(0x00000011df700000,0x00000011df800000)]
  0x0000016e55ab3800 JavaThread "Monitor Ctrl-Break" daemon [_thread_in_native, id=13688, stack(0x00000011df800000,0x00000011df900000)]
  0x0000016e55ab4800 JavaThread "Service Thread" daemon [_thread_blocked, id=6336, stack(0x00000011df900000,0x00000011dfa00000)]
  0x0000016e55cd9000 JavaThread "RMI TCP Accept-0" daemon [_thread_in_native, id=7316, stack(0x00000011dfa00000,0x00000011dfb00000)]

Other Threads:
=>0x0000016e54e2f800 VMThread "VM Thread" [stack: 0x00000011df000000,0x00000011df100000] [id=12988]
  0x0000016e55d4a000 WatcherThread [stack: 0x00000011dfb00000,0x00000011dfc00000] [id=3572]
  0x0000016e34a57000 GCTaskThread "GC Thread#0" [stack: 0x00000011deb00000,0x00000011dec00000] [id=16544]
  0x0000016e55e61000 GCTaskThread "GC Thread#1" [stack: 0x00000011dfc00000,0x00000011dfd00000] [id=15688]
  0x0000016e55e62000 GCTaskThread "GC Thread#2" [stack: 0x00000011dfd00000,0x00000011dfe00000] [id=1464]
  0x0000016e34a86800 ConcurrentGCThread "G1 Main Marker" [stack: 0x00000011dec00000,0x00000011ded00000] [id=13920]
  0x0000016e34a89000 ConcurrentGCThread "G1 Conc#0" [stack: 0x00000011ded00000,0x00000011dee00000] [id=9448]
  0x0000016e34b18800 ConcurrentGCThread "G1 Refine#0" [stack: 0x00000011dee00000,0x00000011def00000] [id=1940]
  0x0000016e55abf000 ConcurrentGCThread "G1 Refine#1" [stack: 0x00000011dfe00000,0x00000011dff00000] [id=14404]
  0x0000016e34b19800 ConcurrentGCThread "G1 Young RemSet Sampling" [stack: 0x00000011def00000,0x00000011df000000] [id=5488]

Threads with active compile tasks:

VM state:at safepoint (normal execution)

VM Mutex/Monitor currently owned by a thread:  ([mutex/lock_event])
[0x0000016e34a3ea10] Threads_lock - owner thread: 0x0000016e54e2f800
[0x0000016e34a3eb30] Heap_lock - owner thread: 0x0000016e34a41000

Heap address: 0x0000000081c00000, size: 2020 MB, Compressed Oops mode: 32-bit
Narrow klass base: 0x0000000000000000, Narrow klass shift: 3
Compressed class space size: 1073741824 Address: 0x0000000100000000

Heap:
 garbage-first heap   total 131072K, used 6260K [0x0000000081c00000, 0x0000000100000000)
  region size 1024K, 2 young (2048K), 2 survivors (2048K)
 Metaspace       used 17188K, capacity 17654K, committed 17792K, reserved 1073152K
  class space    used 1904K, capacity 2089K, committed 2176K, reserved 1048576K
Heap Regions: E=young(eden), S=young(survivor), O=old, HS=humongous(starts), HC=humongous(continues), CS=collection set, F=free, A=archive, TAMS=top-at-mark-start (previous, next)
|   0|0x0000000081c00000, 0x0000000081d00000, 0x0000000081d00000|100%| O|  |TAMS 0x0000000081c00000, 0x0000000081d00000| Untracked 
|   1|0x0000000081d00000, 0x0000000081e00000, 0x0000000081e00000|100%| O|  |TAMS 0x0000000081d00000, 0x0000000081e00000| Untracked 
|   2|0x0000000081e00000, 0x0000000081f00000, 0x0000000081f00000|100%| O|  |TAMS 0x0000000081e00000, 0x0000000081f00000| Untracked 
|   3|0x0000000081f00000, 0x0000000082000000, 0x0000000082000000|100%| O|  |TAMS 0x0000000081f00000, 0x0000000082000000| Untracked 
|   4|0x0000000082000000, 0x00000000820f4e00, 0x0000000082100000| 95%| O|  |TAMS 0x0000000082000000, 0x00000000820f4e00| Untracked 
|   5|0x0000000082100000, 0x0000000082100000, 0x0000000082200000|  0%| F|  |TAMS 0x0000000082100000, 0x0000000082100000| Untracked 
|   6|0x0000000082200000, 0x0000000082200000, 0x0000000082300000|  0%| F|  |TAMS 0x0000000082200000, 0x0000000082200000| Untracked 
|   7|0x0000000082300000, 0x0000000082300000, 0x0000000082400000|  0%| F|  |TAMS 0x0000000082300000, 0x0000000082300000| Untracked 
|   8|0x0000000082400000, 0x0000000082400000, 0x0000000082500000|  0%| F|  |TAMS 0x0000000082400000, 0x0000000082400000| Untracked 
|   9|0x0000000082500000, 0x0000000082500000, 0x0000000082600000|  0%| F|  |TAMS 0x0000000082500000, 0x0000000082500000| Untracked 
|  10|0x0000000082600000, 0x0000000082600000, 0x0000000082700000|  0%| F|  |TAMS 0x0000000082600000, 0x0000000082600000| Untracked 
|  11|0x0000000082700000, 0x0000000082700000, 0x0000000082800000|  0%| F|  |TAMS 0x0000000082700000, 0x0000000082700000| Untracked 
|  12|0x0000000082800000, 0x0000000082800000, 0x0000000082900000|  0%| F|  |TAMS 0x0000000082800000, 0x0000000082800000| Untracked 
|  13|0x0000000082900000, 0x0000000082900000, 0x0000000082a00000|  0%| F|  |TAMS 0x0000000082900000, 0x0000000082900000| Untracked 
|  14|0x0000000082a00000, 0x0000000082a00000, 0x0000000082b00000|  0%| F|  |TAMS 0x0000000082a00000, 0x0000000082a00000| Untracked 
|  15|0x0000000082b00000, 0x0000000082b00000, 0x0000000082c00000|  0%| F|  |TAMS 0x0000000082b00000, 0x0000000082b00000| Untracked 
|  16|0x0000000082c00000, 0x0000000082c00000, 0x0000000082d00000|  0%| F|  |TAMS 0x0000000082c00000, 0x0000000082c00000| Untracked 
|  17|0x0000000082d00000, 0x0000000082d00000, 0x0000000082e00000|  0%| F|  |TAMS 0x0000000082d00000, 0x0000000082d00000| Untracked 
|  18|0x0000000082e00000, 0x0000000082e00000, 0x0000000082f00000|  0%| F|  |TAMS 0x0000000082e00000, 0x0000000082e00000| Untracked 
|  19|0x0000000082f00000, 0x0000000082f00000, 0x0000000083000000|  0%| F|  |TAMS 0x0000000082f00000, 0x0000000082f00000| Untracked 
|  20|0x0000000083000000, 0x0000000083000000, 0x0000000083100000|  0%| F|  |TAMS 0x0000000083000000, 0x0000000083000000| Untracked 
|  21|0x0000000083100000, 0x0000000083100000, 0x0000000083200000|  0%| F|  |TAMS 0x0000000083100000, 0x0000000083100000| Untracked 
|  22|0x0000000083200000, 0x0000000083200000, 0x0000000083300000|  0%| F|  |TAMS 0x0000000083200000, 0x0000000083200000| Untracked 
|  23|0x0000000083300000, 0x0000000083300000, 0x0000000083400000|  0%| F|  |TAMS 0x0000000083300000, 0x0000000083300000| Untracked 
|  24|0x0000000083400000, 0x0000000083400000, 0x0000000083500000|  0%| F|  |TAMS 0x0000000083400000, 0x0000000083400000| Untracked 
|  25|0x0000000083500000, 0x0000000083500000, 0x0000000083600000|  0%| F|  |TAMS 0x0000000083500000, 0x0000000083500000| Untracked 
|  26|0x0000000083600000, 0x0000000083600000, 0x0000000083700000|  0%| F|  |TAMS 0x0000000083600000, 0x0000000083600000| Untracked 
|  27|0x0000000083700000, 0x0000000083700000, 0x0000000083800000|  0%| F|  |TAMS 0x0000000083700000, 0x0000000083700000| Untracked 
|  28|0x0000000083800000, 0x0000000083800000, 0x0000000083900000|  0%| F|  |TAMS 0x0000000083800000, 0x0000000083800000| Untracked 
|  29|0x0000000083900000, 0x0000000083900000, 0x0000000083a00000|  0%| F|  |TAMS 0x0000000083900000, 0x0000000083900000| Untracked 
|  30|0x0000000083a00000, 0x0000000083a00000, 0x0000000083b00000|  0%| F|  |TAMS 0x0000000083a00000, 0x0000000083a00000| Untracked 
|  31|0x0000000083b00000, 0x0000000083b00000, 0x0000000083c00000|  0%| F|  |TAMS 0x0000000083b00000, 0x0000000083b00000| Untracked 
|  32|0x0000000083c00000, 0x0000000083c00000, 0x0000000083d00000|  0%| F|  |TAMS 0x0000000083c00000, 0x0000000083c00000| Untracked 
|  33|0x0000000083d00000, 0x0000000083d00000, 0x0000000083e00000|  0%| F|  |TAMS 0x0000000083d00000, 0x0000000083d00000| Untracked 
|  34|0x0000000083e00000, 0x0000000083e00000, 0x0000000083f00000|  0%| F|  |TAMS 0x0000000083e00000, 0x0000000083e00000| Untracked 
|  35|0x0000000083f00000, 0x0000000083f00000, 0x0000000084000000|  0%| F|  |TAMS 0x0000000083f00000, 0x0000000083f00000| Untracked 
|  36|0x0000000084000000, 0x0000000084000000, 0x0000000084100000|  0%| F|  |TAMS 0x0000000084000000, 0x0000000084000000| Untracked 
|  37|0x0000000084100000, 0x0000000084100000, 0x0000000084200000|  0%| F|  |TAMS 0x0000000084100000, 0x0000000084100000| Untracked 
|  38|0x0000000084200000, 0x0000000084200000, 0x0000000084300000|  0%| F|  |TAMS 0x0000000084200000, 0x0000000084200000| Untracked 
|  39|0x0000000084300000, 0x0000000084300000, 0x0000000084400000|  0%| F|  |TAMS 0x0000000084300000, 0x0000000084300000| Untracked 
|  40|0x0000000084400000, 0x0000000084400000, 0x0000000084500000|  0%| F|  |TAMS 0x0000000084400000, 0x0000000084400000| Untracked 
|  41|0x0000000084500000, 0x0000000084500000, 0x0000000084600000|  0%| F|  |TAMS 0x0000000084500000, 0x0000000084500000| Untracked 
|  42|0x0000000084600000, 0x0000000084600000, 0x0000000084700000|  0%| F|  |TAMS 0x0000000084600000, 0x0000000084600000| Untracked 
|  43|0x0000000084700000, 0x0000000084700000, 0x0000000084800000|  0%| F|  |TAMS 0x0000000084700000, 0x0000000084700000| Untracked 
|  44|0x0000000084800000, 0x0000000084800000, 0x0000000084900000|  0%| F|  |TAMS 0x0000000084800000, 0x0000000084800000| Untracked 
|  45|0x0000000084900000, 0x0000000084900000, 0x0000000084a00000|  0%| F|  |TAMS 0x0000000084900000, 0x0000000084900000| Untracked 
|  46|0x0000000084a00000, 0x0000000084a00000, 0x0000000084b00000|  0%| F|  |TAMS 0x0000000084a00000, 0x0000000084a00000| Untracked 
|  47|0x0000000084b00000, 0x0000000084b00000, 0x0000000084c00000|  0%| F|  |TAMS 0x0000000084b00000, 0x0000000084b00000| Untracked 
|  48|0x0000000084c00000, 0x0000000084c00000, 0x0000000084d00000|  0%| F|  |TAMS 0x0000000084c00000, 0x0000000084c00000| Untracked 
|  49|0x0000000084d00000, 0x0000000084d00000, 0x0000000084e00000|  0%| F|  |TAMS 0x0000000084d00000, 0x0000000084d00000| Untracked 
|  50|0x0000000084e00000, 0x0000000084e00000, 0x0000000084f00000|  0%| F|  |TAMS 0x0000000084e00000, 0x0000000084e00000| Untracked 
|  51|0x0000000084f00000, 0x0000000084f00000, 0x0000000085000000|  0%| F|  |TAMS 0x0000000084f00000, 0x0000000084f00000| Untracked 
|  52|0x0000000085000000, 0x0000000085000000, 0x0000000085100000|  0%| F|  |TAMS 0x0000000085000000, 0x0000000085000000| Untracked 
|  53|0x0000000085100000, 0x0000000085100000, 0x0000000085200000|  0%| F|  |TAMS 0x0000000085100000, 0x0000000085100000| Untracked 
|  54|0x0000000085200000, 0x0000000085200000, 0x0000000085300000|  0%| F|  |TAMS 0x0000000085200000, 0x0000000085200000| Untracked 
|  55|0x0000000085300000, 0x0000000085300000, 0x0000000085400000|  0%| F|  |TAMS 0x0000000085300000, 0x0000000085300000| Untracked 
|  56|0x0000000085400000, 0x0000000085400000, 0x0000000085500000|  0%| F|  |TAMS 0x0000000085400000, 0x0000000085400000| Untracked 
|  57|0x0000000085500000, 0x0000000085500000, 0x0000000085600000|  0%| F|  |TAMS 0x0000000085500000, 0x0000000085500000| Untracked 
|  58|0x0000000085600000, 0x0000000085600000, 0x0000000085700000|  0%| F|  |TAMS 0x0000000085600000, 0x0000000085600000| Untracked 
|  59|0x0000000085700000, 0x0000000085700000, 0x0000000085800000|  0%| F|  |TAMS 0x0000000085700000, 0x0000000085700000| Untracked 
|  60|0x0000000085800000, 0x0000000085800000, 0x0000000085900000|  0%| F|  |TAMS 0x0000000085800000, 0x0000000085800000| Untracked 
|  61|0x0000000085900000, 0x0000000085900000, 0x0000000085a00000|  0%| F|  |TAMS 0x0000000085900000, 0x0000000085900000| Untracked 
|  62|0x0000000085a00000, 0x0000000085a00000, 0x0000000085b00000|  0%| F|  |TAMS 0x0000000085a00000, 0x0000000085a00000| Untracked 
|  63|0x0000000085b00000, 0x0000000085b00000, 0x0000000085c00000|  0%| F|  |TAMS 0x0000000085b00000, 0x0000000085b00000| Untracked 
|  64|0x0000000085c00000, 0x0000000085c00000, 0x0000000085d00000|  0%| F|  |TAMS 0x0000000085c00000, 0x0000000085c00000| Untracked 
|  65|0x0000000085d00000, 0x0000000085d00000, 0x0000000085e00000|  0%| F|  |TAMS 0x0000000085d00000, 0x0000000085d00000| Untracked 
|  66|0x0000000085e00000, 0x0000000085e00000, 0x0000000085f00000|  0%| F|  |TAMS 0x0000000085e00000, 0x0000000085e00000| Untracked 
|  67|0x0000000085f00000, 0x0000000085f00000, 0x0000000086000000|  0%| F|  |TAMS 0x0000000085f00000, 0x0000000085f00000| Untracked 
|  68|0x0000000086000000, 0x0000000086000000, 0x0000000086100000|  0%| F|  |TAMS 0x0000000086000000, 0x0000000086000000| Untracked 
|  69|0x0000000086100000, 0x0000000086100000, 0x0000000086200000|  0%| F|  |TAMS 0x0000000086100000, 0x0000000086100000| Untracked 
|  70|0x0000000086200000, 0x0000000086200000, 0x0000000086300000|  0%| F|  |TAMS 0x0000000086200000, 0x0000000086200000| Untracked 
|  71|0x0000000086300000, 0x0000000086300000, 0x0000000086400000|  0%| F|  |TAMS 0x0000000086300000, 0x0000000086300000| Untracked 
|  72|0x0000000086400000, 0x0000000086400000, 0x0000000086500000|  0%| F|  |TAMS 0x0000000086400000, 0x0000000086400000| Untracked 
|  73|0x0000000086500000, 0x0000000086500000, 0x0000000086600000|  0%| F|  |TAMS 0x0000000086500000, 0x0000000086500000| Untracked 
|  74|0x0000000086600000, 0x0000000086600000, 0x0000000086700000|  0%| F|  |TAMS 0x0000000086600000, 0x0000000086600000| Untracked 
|  75|0x0000000086700000, 0x0000000086700000, 0x0000000086800000|  0%| F|  |TAMS 0x0000000086700000, 0x0000000086700000| Untracked 
|  76|0x0000000086800000, 0x0000000086800000, 0x0000000086900000|  0%| F|  |TAMS 0x0000000086800000, 0x0000000086800000| Untracked 
|  77|0x0000000086900000, 0x0000000086900000, 0x0000000086a00000|  0%| F|  |TAMS 0x0000000086900000, 0x0000000086900000| Untracked 
|  78|0x0000000086a00000, 0x0000000086a00000, 0x0000000086b00000|  0%| F|  |TAMS 0x0000000086a00000, 0x0000000086a00000| Untracked 
|  79|0x0000000086b00000, 0x0000000086b00000, 0x0000000086c00000|  0%| F|  |TAMS 0x0000000086b00000, 0x0000000086b00000| Untracked 
|  80|0x0000000086c00000, 0x0000000086c00000, 0x0000000086d00000|  0%| F|  |TAMS 0x0000000086c00000, 0x0000000086c00000| Untracked 
|  81|0x0000000086d00000, 0x0000000086d00000, 0x0000000086e00000|  0%| F|  |TAMS 0x0000000086d00000, 0x0000000086d00000| Untracked 
|  82|0x0000000086e00000, 0x0000000086e00000, 0x0000000086f00000|  0%| F|  |TAMS 0x0000000086e00000, 0x0000000086e00000| Untracked 
|  83|0x0000000086f00000, 0x0000000086f00000, 0x0000000087000000|  0%| F|  |TAMS 0x0000000086f00000, 0x0000000086f00000| Untracked 
|  84|0x0000000087000000, 0x0000000087000000, 0x0000000087100000|  0%| F|  |TAMS 0x0000000087000000, 0x0000000087000000| Untracked 
|  85|0x0000000087100000, 0x0000000087100000, 0x0000000087200000|  0%| F|  |TAMS 0x0000000087100000, 0x0000000087100000| Untracked 
|  86|0x0000000087200000, 0x0000000087200000, 0x0000000087300000|  0%| F|  |TAMS 0x0000000087200000, 0x0000000087200000| Untracked 
|  87|0x0000000087300000, 0x0000000087300000, 0x0000000087400000|  0%| F|  |TAMS 0x0000000087300000, 0x0000000087300000| Untracked 
|  88|0x0000000087400000, 0x0000000087400000, 0x0000000087500000|  0%| F|  |TAMS 0x0000000087400000, 0x0000000087400000| Untracked 
|  89|0x0000000087500000, 0x0000000087500000, 0x0000000087600000|  0%| F|  |TAMS 0x0000000087500000, 0x0000000087500000| Untracked 
|  90|0x0000000087600000, 0x0000000087600000, 0x0000000087700000|  0%| F|  |TAMS 0x0000000087600000, 0x0000000087600000| Untracked 
|  91|0x0000000087700000, 0x0000000087700000, 0x0000000087800000|  0%| F|  |TAMS 0x0000000087700000, 0x0000000087700000| Untracked 
|  92|0x0000000087800000, 0x0000000087800000, 0x0000000087900000|  0%| F|  |TAMS 0x0000000087800000, 0x0000000087800000| Untracked 
|  93|0x0000000087900000, 0x0000000087900000, 0x0000000087a00000|  0%| F|  |TAMS 0x0000000087900000, 0x0000000087900000| Untracked 
|  94|0x0000000087a00000, 0x0000000087a00000, 0x0000000087b00000|  0%| F|  |TAMS 0x0000000087a00000, 0x0000000087a00000| Untracked 
|  95|0x0000000087b00000, 0x0000000087b00000, 0x0000000087c00000|  0%| F|  |TAMS 0x0000000087b00000, 0x0000000087b00000| Untracked 
|  96|0x0000000087c00000, 0x0000000087c00000, 0x0000000087d00000|  0%| F|  |TAMS 0x0000000087c00000, 0x0000000087c00000| Untracked 
|  97|0x0000000087d00000, 0x0000000087d00000, 0x0000000087e00000|  0%| F|  |TAMS 0x0000000087d00000, 0x0000000087d00000| Untracked 
|  98|0x0000000087e00000, 0x0000000087e00000, 0x0000000087f00000|  0%| F|  |TAMS 0x0000000087e00000, 0x0000000087e00000| Untracked 
|  99|0x0000000087f00000, 0x0000000087f00000, 0x0000000088000000|  0%| F|  |TAMS 0x0000000087f00000, 0x0000000087f00000| Untracked 
| 100|0x0000000088000000, 0x0000000088000000, 0x0000000088100000|  0%| F|  |TAMS 0x0000000088000000, 0x0000000088000000| Untracked 
| 101|0x0000000088100000, 0x0000000088100000, 0x0000000088200000|  0%| F|  |TAMS 0x0000000088100000, 0x0000000088100000| Untracked 
| 102|0x0000000088200000, 0x0000000088200000, 0x0000000088300000|  0%| F|  |TAMS 0x0000000088200000, 0x0000000088200000| Untracked 
| 103|0x0000000088300000, 0x0000000088300000, 0x0000000088400000|  0%| F|  |TAMS 0x0000000088300000, 0x0000000088300000| Untracked 
| 104|0x0000000088400000, 0x0000000088400000, 0x0000000088500000|  0%| F|  |TAMS 0x0000000088400000, 0x0000000088400000| Untracked 
| 105|0x0000000088500000, 0x0000000088500000, 0x0000000088600000|  0%| F|  |TAMS 0x0000000088500000, 0x0000000088500000| Untracked 
| 106|0x0000000088600000, 0x0000000088600000, 0x0000000088700000|  0%| F|  |TAMS 0x0000000088600000, 0x0000000088600000| Untracked 
| 107|0x0000000088700000, 0x0000000088700000, 0x0000000088800000|  0%| F|  |TAMS 0x0000000088700000, 0x0000000088700000| Untracked 
| 108|0x0000000088800000, 0x0000000088800000, 0x0000000088900000|  0%| F|  |TAMS 0x0000000088800000, 0x0000000088800000| Untracked 
| 109|0x0000000088900000, 0x0000000088900000, 0x0000000088a00000|  0%| F|  |TAMS 0x0000000088900000, 0x0000000088900000| Untracked 
| 110|0x0000000088a00000, 0x0000000088a00000, 0x0000000088b00000|  0%| F|  |TAMS 0x0000000088a00000, 0x0000000088a00000| Untracked 
| 111|0x0000000088b00000, 0x0000000088b28500, 0x0000000088c00000| 15%| S|CS|TAMS 0x0000000088b00000, 0x0000000088b00000| Complete 
| 112|0x0000000088c00000, 0x0000000088d00000, 0x0000000088d00000|100%| S|CS|TAMS 0x0000000088c00000, 0x0000000088c00000| Complete 
| 113|0x0000000088d00000, 0x0000000088d00000, 0x0000000088e00000|  0%| F|  |TAMS 0x0000000088d00000, 0x0000000088d00000| Untracked 
| 114|0x0000000088e00000, 0x0000000088e00000, 0x0000000088f00000|  0%| F|  |TAMS 0x0000000088e00000, 0x0000000088e00000| Untracked 
| 115|0x0000000088f00000, 0x0000000088f00000, 0x0000000089000000|  0%| F|  |TAMS 0x0000000088f00000, 0x0000000088f00000| Untracked 
| 116|0x0000000089000000, 0x0000000089000000, 0x0000000089100000|  0%| F|  |TAMS 0x0000000089000000, 0x0000000089000000| Untracked 
| 117|0x0000000089100000, 0x0000000089100000, 0x0000000089200000|  0%| F|  |TAMS 0x0000000089100000, 0x0000000089100000| Untracked 
| 118|0x0000000089200000, 0x0000000089200000, 0x0000000089300000|  0%| F|  |TAMS 0x0000000089200000, 0x0000000089200000| Untracked 
| 119|0x0000000089300000, 0x0000000089300000, 0x0000000089400000|  0%| F|  |TAMS 0x0000000089300000, 0x0000000089300000| Untracked 
| 120|0x0000000089400000, 0x0000000089400000, 0x0000000089500000|  0%| F|  |TAMS 0x0000000089400000, 0x0000000089400000| Untracked 
| 121|0x0000000089500000, 0x0000000089500000, 0x0000000089600000|  0%| F|  |TAMS 0x0000000089500000, 0x0000000089500000| Untracked 
| 122|0x0000000089600000, 0x0000000089600000, 0x0000000089700000|  0%| F|  |TAMS 0x0000000089600000, 0x0000000089600000| Untracked 
| 123|0x0000000089700000, 0x0000000089700000, 0x0000000089800000|  0%| F|  |TAMS 0x0000000089700000, 0x0000000089700000| Untracked 
| 124|0x0000000089800000, 0x0000000089800000, 0x0000000089900000|  0%| F|  |TAMS 0x0000000089800000, 0x0000000089800000| Untracked 
| 125|0x0000000089900000, 0x0000000089900000, 0x0000000089a00000|  0%| F|  |TAMS 0x0000000089900000, 0x0000000089900000| Untracked 
| 126|0x0000000089a00000, 0x0000000089a00000, 0x0000000089b00000|  0%| F|  |TAMS 0x0000000089a00000, 0x0000000089a00000| Untracked 
| 127|0x0000000089b00000, 0x0000000089b00000, 0x0000000089c00000|  0%| F|  |TAMS 0x0000000089b00000, 0x0000000089b00000| Untracked 

Card table byte_map: [0x0000016e4e0f0000,0x0000016e4e4f0000] _byte_map_base: 0x0000016e4dce2000

Marking Bits (Prev, Next): (CMBitMap*) 0x0000016e34a7dff8, (CMBitMap*) 0x0000016e34a7e030
 Prev Bits: [0x0000016e4e8f0000, 0x0000016e50880000)
 Next Bits: [0x0000016e50880000, 0x0000016e52810000)

Polling page: 0x0000016e348f0000

Metaspace:

Usage:
  Non-class:     15.20 MB capacity,    14.93 MB ( 98%) used,   231.60 KB (  1%) free+waste,    48.81 KB ( <1%) overhead. 
      Class:      2.04 MB capacity,     1.86 MB ( 91%) used,   160.20 KB (  8%) free+waste,    24.63 KB (  1%) overhead. 
       Both:     17.24 MB capacity,    16.79 MB ( 97%) used,   391.80 KB (  2%) free+waste,    73.44 KB ( <1%) overhead. 

Virtual space:
  Non-class space:       24.00 MB reserved,      15.25 MB ( 64%) committed 
      Class space:        1.00 GB reserved,       2.13 MB ( <1%) committed 
             Both:        1.02 GB reserved,      17.38 MB (  2%) committed 

Chunk freelists:
   Non-Class:  6.38 KB
       Class:  0 bytes
        Both:  6.38 KB

CodeHeap 'non-profiled nmethods': size=238912Kb used=2142Kb max_used=2142Kb free=236769Kb
 bounds [0x0000016e3ed60000, 0x0000016e3efd0000, 0x0000016e4d6b0000]
CodeHeap 'non-nmethods': size=6848Kb used=1113Kb max_used=1113Kb free=5734Kb
 bounds [0x0000016e3e6b0000, 0x0000016e3e920000, 0x0000016e3ed60000]
 total_blobs=1986 nmethods=1556 adapters=356
 compilation: enabled
              stopped_count=0, restarted_count=0
 full_count=0

Compilation events (10 events):
Event: 2.176 Thread 0x0000016e54e85800 1552       1       java.lang.Integer::numberOfLeadingZeros (78 bytes)
Event: 2.176 Thread 0x0000016e54e85800 nmethod 1552 0x0000016e3ef76a10 code [0x0000016e3ef76ba0, 0x0000016e3ef76cb8]
Event: 2.180 Thread 0x0000016e54e85800 1553       1       java.net.URI::match (56 bytes)
Event: 2.180 Thread 0x0000016e54e85800 nmethod 1553 0x0000016e3ef76d10 code [0x0000016e3ef76ea0, 0x0000016e3ef77018]
Event: 2.180 Thread 0x0000016e54e85800 1554       1       java.lang.Character::getType (9 bytes)
Event: 2.180 Thread 0x0000016e54e85800 nmethod 1554 0x0000016e3ef77090 code [0x0000016e3ef77240, 0x0000016e3ef77318]
Event: 2.180 Thread 0x0000016e54e85800 1555       1       java.lang.CharacterDataLatin1::getType (11 bytes)
Event: 2.181 Thread 0x0000016e54e85800 nmethod 1555 0x0000016e3ef77390 code [0x0000016e3ef77520, 0x0000016e3ef77618]
Event: 2.195 Thread 0x0000016e54e85800 1556       1       jdk.internal.misc.VM::isModuleSystemInited (13 bytes)
Event: 2.195 Thread 0x0000016e54e85800 nmethod 1556 0x0000016e3ef77710 code [0x0000016e3ef778a0, 0x0000016e3ef77958]

GC Heap History (6 events):
Event: 1.394 GC heap before
{Heap before GC invocations=0 (full 0):
 garbage-first heap   total 131072K, used 13312K [0x0000000081c00000, 0x0000000100000000)
  region size 1024K, 14 young (14336K), 0 survivors (0K)
 Metaspace       used 13138K, capacity 13489K, committed 13568K, reserved 1060864K
  class space    used 1353K, capacity 1475K, committed 1536K, reserved 1048576K
}
Event: 1.404 GC heap after
{Heap after GC invocations=1 (full 0):
 garbage-first heap   total 131072K, used 4845K [0x0000000081c00000, 0x0000000100000000)
  region size 1024K, 2 young (2048K), 2 survivors (2048K)
 Metaspace       used 13138K, capacity 13489K, committed 13568K, reserved 1060864K
  class space    used 1353K, capacity 1475K, committed 1536K, reserved 1048576K
}
Event: 1.491 GC heap before
{Heap before GC invocations=1 (full 0):
 garbage-first heap   total 131072K, used 8941K [0x0000000081c00000, 0x0000000100000000)
  region size 1024K, 6 young (6144K), 2 survivors (2048K)
 Metaspace       used 13766K, capacity 14115K, committed 14464K, reserved 1062912K
  class space    used 1435K, capacity 1559K, committed 1664K, reserved 1048576K
}
Event: 1.495 GC heap after
{Heap after GC invocations=2 (full 0):
 garbage-first heap   total 131072K, used 5362K [0x0000000081c00000, 0x0000000100000000)
  region size 1024K, 1 young (1024K), 1 survivors (1024K)
 Metaspace       used 13766K, capacity 14115K, committed 14464K, reserved 1062912K
  class space    used 1435K, capacity 1559K, committed 1664K, reserved 1048576K
}
Event: 2.203 GC heap before
{Heap before GC invocations=2 (full 0):
 garbage-first heap   total 131072K, used 18674K [0x0000000081c00000, 0x0000000100000000)
  region size 1024K, 15 young (15360K), 1 survivors (1024K)
 Metaspace       used 17188K, capacity 17654K, committed 17792K, reserved 1071104K
  class space    used 1904K, capacity 2089K, committed 2176K, reserved 1048576K
}
Event: 2.207 GC heap after
{Heap after GC invocations=3 (full 0):
 garbage-first heap   total 131072K, used 6260K [0x0000000081c00000, 0x0000000100000000)
  region size 1024K, 2 young (2048K), 2 survivors (2048K)
 Metaspace       used 17188K, capacity 17654K, committed 17792K, reserved 1071104K
  class space    used 1904K, capacity 2089K, committed 2176K, reserved 1048576K
}

Deoptimization events (0 events):
No events

Classes redefined (0 events):
No events

Internal exceptions (10 events):
Event: 1.725 Thread 0x0000016e34a41000 Exception <a 'java/lang/NoSuchMethodError'{0x00000000896bb728}: java.lang.invoke.DirectMethodHandle$Holder.invokeStatic(Ljava/lang/Object;Ljava/lang/Object;Ljava/lang/Object;Ljava/lang/Object;Ljava/lang/Object;Ljava/lang/Object;I)Ljava/lang/Object;> (0x00
Event: 1.741 Thread 0x0000016e34a41000 Exception <a 'java/io/FileNotFoundException'{0x0000000089547830}> (0x0000000089547830) thrown at [./open/src/hotspot/share/prims/jni.cpp, line 611]
Event: 1.971 Thread 0x0000016e34a41000 Exception <a 'java/lang/NoSuchMethodError'{0x00000000892c8fa0}: java.lang.invoke.DirectMethodHandle$Holder.invokeInterface(Ljava/lang/Object;Ljava/lang/Object;Ljava/lang/Object;)Ljava/lang/Object;> (0x00000000892c8fa0) thrown at [./open/src/hotspot/share/
Event: 1.971 Thread 0x0000016e34a41000 Exception <a 'java/lang/IncompatibleClassChangeError'{0x00000000892cbf28}: Found class java.lang.Object, but interface was expected> (0x00000000892cbf28) thrown at [./open/src/hotspot/share/interpreter/linkResolver.cpp, line 838]
Event: 2.019 Thread 0x0000016e34a41000 Exception <a 'java/lang/NoSuchMethodError'{0x00000000891b5a10}: java.lang.invoke.DirectMethodHandle$Holder.invokeSpecial(Ljava/lang/Object;Ljava/lang/Object;Ljava/lang/Object;Ljava/lang/Object;)I> (0x00000000891b5a10) thrown at [./open/src/hotspot/share/i
Event: 2.028 Thread 0x0000016e34a41000 Exception <a 'java/lang/NoSuchMethodError'{0x00000000891db728}: java.lang.invoke.DirectMethodHandle$Holder.invokeSpecial(Ljava/lang/Object;Ljava/lang/Object;Ljava/lang/Object;Ljava/lang/Object;)V> (0x00000000891db728) thrown at [./open/src/hotspot/share/i
Event: 2.062 Thread 0x0000016e34a41000 Exception <a 'java/lang/NoSuchMethodError'{0x0000000088f240a0}: java.lang.invoke.Invokers$Holder.linkToTargetMethod(Ljava/lang/Object;Ljava/lang/Object;Ljava/lang/Object;Ljava/lang/Object;Ljava/lang/Object;Ljava/lang/Object;)Ljava/lang/Object;> (0x0000000
Event: 2.125 Thread 0x0000016e34a41000 Exception <a 'java/lang/NoSuchMethodError'{0x0000000088ff6408}: java.lang.invoke.DirectMethodHandle$Holder.invokeSpecial(Ljava/lang/Object;Ljava/lang/Object;Ljava/lang/Object;Ljava/lang/Object;Ljava/lang/Object;Ljava/lang/Object;I)Ljava/lang/Object;> (0x0
Event: 2.126 Thread 0x0000016e34a41000 Exception <a 'java/lang/NoSuchMethodError'{0x0000000088e000e0}: java.lang.invoke.DirectMethodHandle$Holder.invokeSpecial(Ljava/lang/Object;Ljava/lang/Object;Ljava/lang/Object;Ljava/lang/Object;Ljava/lang/Object;Ljava/lang/Object;Ljava/lang/Object;I)Ljava/
Event: 2.126 Thread 0x0000016e34a41000 Exception <a 'java/lang/NoSuchMethodError'{0x0000000088e04240}: java.lang.invoke.Invokers$Holder.linkToTargetMethod(Ljava/lang/Object;Ljava/lang/Object;Ljava/lang/Object;Ljava/lang/Object;Ljava/lang/Object;ILjava/lang/Object;)Ljava/lang/Object;> (0x000000

Events (10 events):
Event: 2.193 loading class org/springframework/boot/context/config/ConfigDataResolutionResult done
Event: 2.193 loading class org/springframework/boot/context/config/ConfigDataEnvironmentContributor
Event: 2.193 loading class org/springframework/boot/context/config/ConfigDataEnvironmentContributor done
Event: 2.194 loading class org/springframework/boot/context/config/ConfigDataEnvironmentContributor$ImportPhase
Event: 2.194 loading class org/springframework/boot/context/config/ConfigDataEnvironmentContributor$ImportPhase done
Event: 2.194 loading class org/springframework/boot/context/config/ConfigDataEnvironmentContributor
Event: 2.194 loading class org/springframework/boot/context/config/ConfigDataEnvironmentContributor done
Event: 2.202 loading class org/springframework/boot/context/config/ConfigDataResourceNotFoundException
Event: 2.202 loading class org/springframework/boot/context/config/ConfigDataResourceNotFoundException done
Event: 2.203 Executing VM operation: CollectForMetadataAllocation


Dynamic libraries:
0x00007ff679c90000 - 0x00007ff679c9f000 	C:\Program Files\Java\jdk-11.0.11\bin\java.exe
0x00007ffd54210000 - 0x00007ffd54405000 	C:\WINDOWS\SYSTEM32\ntdll.dll
0x00007ffd531b0000 - 0x00007ffd5326d000 	C:\WINDOWS\System32\KERNEL32.DLL
0x00007ffd51c70000 - 0x00007ffd51f38000 	C:\WINDOWS\System32\KERNELBASE.dll
0x00007ffd519f0000 - 0x00007ffd51af0000 	C:\WINDOWS\System32\ucrtbase.dll
0x00007ffd481b0000 - 0x00007ffd481c8000 	C:\Program Files\Java\jdk-11.0.11\bin\jli.dll
0x00007ffd523b0000 - 0x00007ffd5245c000 	C:\WINDOWS\System32\ADVAPI32.dll
0x00007ffd524f0000 - 0x00007ffd5258e000 	C:\WINDOWS\System32\msvcrt.dll
0x00007ffd54110000 - 0x00007ffd541ab000 	C:\WINDOWS\System32\sechost.dll
0x00007ffd4bc70000 - 0x00007ffd4bc85000 	C:\Program Files\Java\jdk-11.0.11\bin\VCRUNTIME140.dll
0x00007ffd53f30000 - 0x00007ffd5405b000 	C:\WINDOWS\System32\RPCRT4.dll
0x00007ffd535c0000 - 0x00007ffd53760000 	C:\WINDOWS\System32\USER32.dll
0x00007ffd52240000 - 0x00007ffd52262000 	C:\WINDOWS\System32\win32u.dll
0x00007ffd47b10000 - 0x00007ffd47daa000 	C:\WINDOWS\WinSxS\amd64_microsoft.windows.common-controls_6595b64144ccf1df_6.0.19041.844_none_ca00b6081b84eb1d\COMCTL32.dll
0x00007ffd52270000 - 0x00007ffd5229a000 	C:\WINDOWS\System32\GDI32.dll
0x00007ffd51f40000 - 0x00007ffd5204b000 	C:\WINDOWS\System32\gdi32full.dll
0x00007ffd51950000 - 0x00007ffd519ed000 	C:\WINDOWS\System32\msvcp_win.dll
0x00007ffd47e40000 - 0x00007ffd47e4a000 	C:\WINDOWS\SYSTEM32\VERSION.dll
0x00007ffd52380000 - 0x00007ffd523b0000 	C:\WINDOWS\System32\IMM32.DLL
0x00007ffd305e0000 - 0x00007ffd3067b000 	C:\Program Files\Java\jdk-11.0.11\bin\msvcp140.dll
0x00007ffd01140000 - 0x00007ffd01c3e000 	C:\Program Files\Java\jdk-11.0.11\bin\server\jvm.dll
0x00007ffd538e0000 - 0x00007ffd538e8000 	C:\WINDOWS\System32\PSAPI.DLL
0x00007ffd3d400000 - 0x00007ffd3d409000 	C:\WINDOWS\SYSTEM32\WSOCK32.dll
0x00007ffd532e0000 - 0x00007ffd5334b000 	C:\WINDOWS\System32\WS2_32.dll
0x00007ffd48180000 - 0x00007ffd481a7000 	C:\WINDOWS\SYSTEM32\WINMM.dll
0x00007ffd4f8a0000 - 0x00007ffd4f8b2000 	C:\WINDOWS\SYSTEM32\kernel.appcore.dll
0x00007ffd4b5d0000 - 0x00007ffd4b5e0000 	C:\Program Files\Java\jdk-11.0.11\bin\verify.dll
0x00007ffd4aba0000 - 0x00007ffd4ad84000 	C:\WINDOWS\SYSTEM32\DBGHELP.DLL
0x00007ffd4a950000 - 0x00007ffd4a97c000 	C:\WINDOWS\SYSTEM32\dbgcore.DLL
0x00007ffd51b40000 - 0x00007ffd51bc0000 	C:\WINDOWS\System32\bcryptPrimitives.dll
0x00007ffd35e40000 - 0x00007ffd35e68000 	C:\Program Files\Java\jdk-11.0.11\bin\java.dll
0x00007ffd4afc0000 - 0x00007ffd4afca000 	C:\Program Files\Java\jdk-11.0.11\bin\jimage.dll
0x00007ffd48ee0000 - 0x00007ffd48eee000 	C:\Program Files\Java\jdk-11.0.11\bin\instrument.dll
0x00007ffd48110000 - 0x00007ffd48126000 	C:\Program Files\Java\jdk-11.0.11\bin\zip.dll
0x00007ffd525f0000 - 0x00007ffd52d32000 	C:\WINDOWS\System32\SHELL32.dll
0x00007ffd4faa0000 - 0x00007ffd50230000 	C:\WINDOWS\SYSTEM32\windows.storage.dll
0x00007ffd53bd0000 - 0x00007ffd53f25000 	C:\WINDOWS\System32\combase.dll
0x00007ffd512f0000 - 0x00007ffd5131c000 	C:\WINDOWS\SYSTEM32\Wldp.dll
0x00007ffd54060000 - 0x00007ffd5410e000 	C:\WINDOWS\System32\SHCORE.dll
0x00007ffd53280000 - 0x00007ffd532d5000 	C:\WINDOWS\System32\shlwapi.dll
0x00007ffd51890000 - 0x00007ffd518af000 	C:\WINDOWS\SYSTEM32\profapi.dll
0x00007ffd44de0000 - 0x00007ffd44df9000 	C:\Program Files\Java\jdk-11.0.11\bin\net.dll
0x00007ffd47640000 - 0x00007ffd4774b000 	C:\WINDOWS\SYSTEM32\WINHTTP.dll
0x00007ffd51060000 - 0x00007ffd510ca000 	C:\WINDOWS\system32\mswsock.dll
0x00007ffd441d0000 - 0x00007ffd441e2000 	C:\Program Files\Java\jdk-11.0.11\bin\nio.dll
0x00007ffd36160000 - 0x00007ffd3617a000 	C:\Program Files\JetBrains\IntelliJ IDEA 2020.3.2\bin\breakgen64.dll
0x00007ffd50d90000 - 0x00007ffd50e5c000 	C:\WINDOWS\SYSTEM32\DNSAPI.dll
0x00007ffd50d50000 - 0x00007ffd50d8b000 	C:\WINDOWS\SYSTEM32\IPHLPAPI.DLL
0x00007ffd53270000 - 0x00007ffd53278000 	C:\WINDOWS\System32\NSI.dll
0x00007ffd475a0000 - 0x00007ffd475aa000 	C:\Windows\System32\rasadhlp.dll
0x00007ffd475c0000 - 0x00007ffd4763f000 	C:\WINDOWS\System32\fwpuclnt.dll
0x00007ffd52050000 - 0x00007ffd52077000 	C:\WINDOWS\System32\bcrypt.dll
0x00007ffd4ae20000 - 0x00007ffd4ae29000 	C:\Program Files\Java\jdk-11.0.11\bin\management.dll
0x00007ffd49a90000 - 0x00007ffd49a9b000 	C:\Program Files\Java\jdk-11.0.11\bin\management_ext.dll
0x00007ffd51230000 - 0x00007ffd51248000 	C:\WINDOWS\SYSTEM32\CRYPTSP.dll
0x00007ffd50a00000 - 0x00007ffd50a34000 	C:\WINDOWS\system32\rsaenh.dll
0x00007ffd51850000 - 0x00007ffd5187e000 	C:\WINDOWS\SYSTEM32\USERENV.dll
0x00007ffd51250000 - 0x00007ffd5125c000 	C:\WINDOWS\SYSTEM32\CRYPTBASE.dll
0x00007ffd49a70000 - 0x00007ffd49a87000 	C:\WINDOWS\SYSTEM32\dhcpcsvc6.DLL
0x00007ffd4a370000 - 0x00007ffd4a38d000 	C:\WINDOWS\SYSTEM32\dhcpcsvc.DLL
0x00007ffd37f40000 - 0x00007ffd37f57000 	C:\WINDOWS\system32\napinsp.dll
0x00007ffd37ed0000 - 0x00007ffd37eeb000 	C:\WINDOWS\system32\pnrpnsp.dll
0x00007ffd4ca20000 - 0x00007ffd4ca35000 	C:\WINDOWS\system32\wshbth.dll
0x00007ffd4b6f0000 - 0x00007ffd4b70d000 	C:\WINDOWS\system32\NLAapi.dll
0x00007ffd37eb0000 - 0x00007ffd37ec2000 	C:\WINDOWS\System32\winrnr.dll

dbghelp: loaded successfully - version: 4.0.5 - missing functions: none
symbol engine: initialized successfully - sym options: 0x614 - pdb path: .;C:\Program Files\Java\jdk-11.0.11\bin;C:\WINDOWS\SYSTEM32;C:\WINDOWS\WinSxS\amd64_microsoft.windows.common-controls_6595b64144ccf1df_6.0.19041.844_none_ca00b6081b84eb1d;C:\Program Files\Java\jdk-11.0.11\bin\server;C:\Program Files\JetBrains\IntelliJ IDEA 2020.3.2\bin

VM Arguments:
jvm_args: -XX:TieredStopAtLevel=1 -Xverify:none -Dspring.output.ansi.enabled=always -javaagent:C:\Program Files\JetBrains\IntelliJ IDEA 2020.3.2\lib\idea_rt.jar=8763:C:\Program Files\JetBrains\IntelliJ IDEA 2020.3.2\bin -Dcom.sun.management.jmxremote -Dspring.jmx.enabled=true -Dspring.liveBeansView.mbeanDomain -Dspring.application.admin.enabled=true -Dfile.encoding=UTF-8 
java_command: hello.itemservice.ItemServiceApplication
java_class_path (initial): C:\study\item-service\out\production\classes;C:\study\item-service\out\production\resources;C:\Users\sejon\.gradle\caches\modules-2\files-2.1\org.projectlombok\lombok\1.18.20\18bcea7d5df4d49227b4a0743a536208ce4825bb\lombok-1.18.20.jar;C:\Users\sejon\.gradle\caches\modules-2\files-2.1\org.springframework.boot\spring-boot-starter-thymeleaf\2.5.1\ad68f166edf4b20584d8737187fd25848f280c1a\spring-boot-starter-thymeleaf-2.5.1.jar;C:\Users\sejon\.gradle\caches\modules-2\files-2.1\org.springframework.boot\spring-boot-starter-web\2.5.1\21cb018c0ac46be930e83ad4231550892e2002ac\spring-boot-starter-web-2.5.1.jar;C:\Users\sejon\.gradle\caches\modules-2\files-2.1\org.springframework.boot\spring-boot-starter\2.5.1\2d43f64d7016e3a3a3bb5173b30d4cf67dd8c310\spring-boot-starter-2.5.1.jar;C:\Users\sejon\.gradle\caches\modules-2\files-2.1\org.thymeleaf\thymeleaf-spring5\3.0.12.RELEASE\aa640b214411978a23cbe271c3fb9569d1bda608\thymeleaf-spring5-3.0.12.RELEASE.jar;C:\Users\sejon\.gradle\caches\modules-2\files-2.1\org.thymeleaf.extras\thymeleaf-extras-java8time\3.0.4.RELEASE\36e7175ddce36c486fff4578b5af7bb32f54f5df\thymeleaf-extras-java8time-3.0.4.RELEASE.jar;C:\Users\sejon\.gradle\caches\modules-2\files-2.1\org.springframework.boot\spring-boot-starter-json\2.5.1\6caadea880eea629af40bc30163b6be047999b95\spring-boot-starter-json-2.5.1.jar;C:\Users\sejon\.gradle\caches\modules-2\files-2.1\org.springframework.boot\spring-boot-starter-tomcat\2.5.1\3ab54e8a52506fc63712f6bdd807c4292cc8ceef\spring-boot-starter-tomcat-2.5.1.jar;C:\Users\sejon\.gradle\caches\modules-2\files-2.1\org.springframework\spring-webmvc\5.3.8\2cfa5e12bf103e2c82db78ce198e455dab456465\spring-webmvc-5.3.8.jar;C:\Users\sejon\.gradle\caches\modules-2\files-2.1\org.springframework\spring-web\5.3.8\daa288e67b0f2e09a033500d5ce8406677c5045c\spring-web-5.3.8.jar;C:\Users\sejon\.gradle\caches\modules-2\files-2.1\org.springframework.boot\spring-boot-autoconfigure\2.5.1\d5f3dff4ddc3bde2dcd38f410567e0f2c28d8ba7
Launcher Type: SUN_STANDARD

[Global flags]
     bool BytecodeVerificationLocal                = false                                     {product} {command line}
     bool BytecodeVerificationRemote               = false                                     {product} {command line}
     intx CICompilerCount                          = 3                                         {product} {ergonomic}
     uint ConcGCThreads                            = 1                                         {product} {ergonomic}
     uint G1ConcRefinementThreads                  = 4                                         {product} {ergonomic}
   size_t G1HeapRegionSize                         = 1048576                                   {product} {ergonomic}
    uintx GCDrainStackTargetSize                   = 64                                        {product} {ergonomic}
   size_t InitialHeapSize                          = 134217728                                 {product} {ergonomic}
     bool ManagementServer                         = true                                      {product} {command line}
   size_t MarkStackSize                            = 4194304                                   {product} {ergonomic}
   size_t MaxHeapSize                              = 2118123520                                {product} {ergonomic}
   size_t MaxNewSize                               = 1270874112                                {product} {ergonomic}
   size_t MinHeapDeltaBytes                        = 1048576                                   {product} {ergonomic}
    uintx NonNMethodCodeHeapSize                   = 6973028                                {pd product} {ergonomic}
    uintx NonProfiledCodeHeapSize                  = 244685212                              {pd product} {ergonomic}
    uintx ProfiledCodeHeapSize                     = 0                                      {pd product} {ergonomic}
    uintx ReservedCodeCacheSize                    = 251658240                              {pd product} {ergonomic}
     bool SegmentedCodeCache                       = true                                      {product} {ergonomic}
     intx TieredStopAtLevel                        = 1                                         {product} {command line}
     bool UseCompressedClassPointers               = true                                 {lp64_product} {ergonomic}
     bool UseCompressedOops                        = true                                 {lp64_product} {ergonomic}
     bool UseG1GC                                  = true                                      {product} {ergonomic}
     bool UseLargePagesIndividualAllocation        = false                                  {pd product} {ergonomic}

Logging:
Log output configuration:
 #0: stdout all=warning uptime,level,tags
 #1: stderr all=off uptime,level,tags

Environment Variables:
JAVA_HOME=C:\Program Files\Java\jdk-11.0.11
PATH=C:\Program Files\Common Files\Oracle\Java\javapath;C:\app\WINDOWS.X64_180000_db_home\bin;C:\app\sejon\virtual\product\12.2.0\dbhome_1\bin;C:\WINDOWS\system32;C:\WINDOWS;C:\WINDOWS\System32\Wbem;C:\WINDOWS\System32\WindowsPowerShell\v1.0\;C:\Program Files\Intel\WiFi\bin\;C:\Program Files\Common Files\Intel\WirelessCommon\;C:\Program Files\Java\jdk-11.0.11\bin;C:\WINDOWS\System32\OpenSSH\;C:\app\apache-tomcat-8.5.43\bin;C:\Program Files\PuTTY\;C:\Program Files\TortoiseSVN\bin;C:\app\apache-maven-3.8.1\bin;C:\Program Files\Git\cmd;C:\Users\sejon\AppData\Local\Microsoft\WindowsApps;C:\Program Files\Bandizip\;C:\Program Files\Intel\WiFi\bin\;C:\Program Files\Common Files\Intel\WirelessCommon\;C:\Users\sejon\AppData\Local\Microsoft\WindowsApps
USERNAME=sejon
OS=Windows_NT
PROCESSOR_IDENTIFIER=Intel64 Family 6 Model 142 Stepping 9, GenuineIntel



---------------  S Y S T E M  ---------------

OS: Windows 10 , 64 bit Build 19041 (10.0.19041.928)

CPU:total 4 (initial active 4) (2 cores per cpu, 2 threads per core) family 6 model 142 stepping 9 microcode 0xde, cmov, cx8, fxsr, mmx, sse, sse2, sse3, ssse3, sse4.1, sse4.2, popcnt, avx, avx2, aes, clmul, erms, 3dnowpref, lzcnt, ht, tsc, tscinvbit, bmi1, bmi2, adx, fma

Memory: 4k page, system-wide physical 8079M (734M free)
TotalPageFile size 18319M (AvailPageFile size 2M)
current process WorkingSet (physical memory assigned to process): 75M, peak: 76M
current process commit charge ("private bytes"): 215M, peak: 216M

vm_info: Java HotSpot(TM) 64-Bit Server VM (11.0.11+9-LTS-194) for windows-amd64 JRE (11.0.11+9-LTS-194), built on Mar 18 2021 18:46:53 by "mach5one" with MS VC++ 15.9 (VS2017)

END.
